  main.cpp
C:\Users\User\Desktop\Facultad\Introduccion a la Computacion Grafica\Segunda cursada\Lab 1\Laboratorio1\Laboratorio1Grafica\Dependencias\map.h(60,32): warning C4244: '=': conversión de 'float' a 'int'; posible pérdida de datos
  (compilando archivo de origen "main.cpp")
  
C:\Users\User\Desktop\Facultad\Introduccion a la Computacion Grafica\Segunda cursada\Lab 1\Laboratorio1\Laboratorio1Grafica\Dependencias\map.h(69,32): warning C4244: '=': conversión de 'float' a 'int'; posible pérdida de datos
  (compilando archivo de origen "main.cpp")
  
C:\Users\User\Desktop\Facultad\Introduccion a la Computacion Grafica\Segunda cursada\Lab 1\Laboratorio1\Laboratorio1Grafica\Dependencias\map.h(78,32): warning C4244: '=': conversión de 'float' a 'int'; posible pérdida de datos
  (compilando archivo de origen "main.cpp")
  
C:\Users\User\Desktop\Facultad\Introduccion a la Computacion Grafica\Segunda cursada\Lab 1\Laboratorio1\Laboratorio1Grafica\Dependencias\map.h(164,25): warning C4244: '=': conversión de 'float' a 'int'; posible pérdida de datos
  (compilando archivo de origen "main.cpp")
  
C:\Users\User\Desktop\Facultad\Introduccion a la Computacion Grafica\Segunda cursada\Lab 1\Laboratorio1\Laboratorio1Grafica\Dependencias\map.h(178,23): warning C4267: 'return': conversión de 'size_t' a 'int'; posible pérdida de datos
  (compilando archivo de origen "main.cpp")
  
C:\Users\User\Desktop\Facultad\Introduccion a la Computacion Grafica\Segunda cursada\Lab 1\Laboratorio1\Laboratorio1Grafica\Dependencias\text.h(10,11): warning C4244: '=': conversión de 'double' a 'int'; posible pérdida de datos
  (compilando archivo de origen "main.cpp")
  
C:\Users\User\Desktop\Facultad\Introduccion a la Computacion Grafica\Segunda cursada\Lab 1\Laboratorio1\Laboratorio1Grafica\Dependencias\text.h(11,11): warning C4244: '=': conversión de 'double' a 'int'; posible pérdida de datos
  (compilando archivo de origen "main.cpp")
  
C:\Users\User\Desktop\Facultad\Introduccion a la Computacion Grafica\Segunda cursada\Lab 1\Laboratorio1\Laboratorio1Grafica\Dependencias\settings.h(107,37): warning C4305: 'inicializando': truncamiento de 'double' a 'float'
  (compilando archivo de origen "main.cpp")
  
C:\Users\User\Desktop\Facultad\Introduccion a la Computacion Grafica\Segunda cursada\Lab 1\Laboratorio1\Laboratorio1Grafica\Dependencias\settings.h(116,37): warning C4305: 'inicializando': truncamiento de 'double' a 'float'
  (compilando archivo de origen "main.cpp")
  
C:\Users\User\Desktop\Facultad\Introduccion a la Computacion Grafica\Segunda cursada\Lab 1\Laboratorio1\Laboratorio1Grafica\Dependencias\hud.h(82,20): warning C4244: '=': conversión de 'int' a 'float'; posible pérdida de datos
  (compilando archivo de origen "main.cpp")
  
C:\Users\User\Desktop\Facultad\Introduccion a la Computacion Grafica\Segunda cursada\Lab 1\Laboratorio1\Laboratorio1Grafica\Dependencias\hud.h(204,29): warning C4244: '=': conversión de 'float' a 'int'; posible pérdida de datos
  (compilando archivo de origen "main.cpp")
  
C:\Users\User\Desktop\Facultad\Introduccion a la Computacion Grafica\Segunda cursada\Lab 1\Laboratorio1\Laboratorio1Grafica\Dependencias\hud.h(245,25): warning C4244: 'argumento': conversión de 'int' a 'GLfloat'; posible pérdida de datos
  (compilando archivo de origen "main.cpp")
  
C:\Users\User\Desktop\Facultad\Introduccion a la Computacion Grafica\Segunda cursada\Lab 1\Laboratorio1\Laboratorio1Grafica\Dependencias\hud.h(245,16): warning C4244: 'argumento': conversión de 'int' a 'GLfloat'; posible pérdida de datos
  (compilando archivo de origen "main.cpp")
  
C:\Users\User\Desktop\Facultad\Introduccion a la Computacion Grafica\Segunda cursada\Lab 1\Laboratorio1\Laboratorio1Grafica\Dependencias\hud.h(247,31): warning C4244: 'argumento': conversión de 'int' a 'GLfloat'; posible pérdida de datos
  (compilando archivo de origen "main.cpp")
  
C:\Users\User\Desktop\Facultad\Introduccion a la Computacion Grafica\Segunda cursada\Lab 1\Laboratorio1\Laboratorio1Grafica\Dependencias\hud.h(247,24): warning C4244: 'argumento': conversión de 'int' a 'GLfloat'; posible pérdida de datos
  (compilando archivo de origen "main.cpp")
  
C:\Users\User\Desktop\Facultad\Introduccion a la Computacion Grafica\Segunda cursada\Lab 1\Laboratorio1\Laboratorio1Grafica\Dependencias\hud.h(249,33): warning C4244: 'argumento': conversión de 'int' a 'GLfloat'; posible pérdida de datos
  (compilando archivo de origen "main.cpp")
  
C:\Users\User\Desktop\Facultad\Introduccion a la Computacion Grafica\Segunda cursada\Lab 1\Laboratorio1\Laboratorio1Grafica\Dependencias\hud.h(249,24): warning C4244: 'argumento': conversión de 'int' a 'GLfloat'; posible pérdida de datos
  (compilando archivo de origen "main.cpp")
  
C:\Users\User\Desktop\Facultad\Introduccion a la Computacion Grafica\Segunda cursada\Lab 1\Laboratorio1\Laboratorio1Grafica\Dependencias\hud.h(251,27): warning C4244: 'argumento': conversión de 'int' a 'GLfloat'; posible pérdida de datos
  (compilando archivo de origen "main.cpp")
  
C:\Users\User\Desktop\Facultad\Introduccion a la Computacion Grafica\Segunda cursada\Lab 1\Laboratorio1\Laboratorio1Grafica\Dependencias\hud.h(251,16): warning C4244: 'argumento': conversión de 'int' a 'GLfloat'; posible pérdida de datos
  (compilando archivo de origen "main.cpp")
  
C:\Users\User\Desktop\Facultad\Introduccion a la Computacion Grafica\Segunda cursada\Lab 1\Laboratorio1\Laboratorio1Grafica\Dependencias\hud.h(259,19): warning C4244: 'argumento': conversión de 'int' a 'GLfloat'; posible pérdida de datos
  (compilando archivo de origen "main.cpp")
  
C:\Users\User\Desktop\Facultad\Introduccion a la Computacion Grafica\Segunda cursada\Lab 1\Laboratorio1\Laboratorio1Grafica\Dependencias\hud.h(259,16): warning C4244: 'argumento': conversión de 'int' a 'GLfloat'; posible pérdida de datos
  (compilando archivo de origen "main.cpp")
  
C:\Users\User\Desktop\Facultad\Introduccion a la Computacion Grafica\Segunda cursada\Lab 1\Laboratorio1\Laboratorio1Grafica\Dependencias\hud.h(261,29): warning C4244: 'argumento': conversión de 'int' a 'GLfloat'; posible pérdida de datos
  (compilando archivo de origen "main.cpp")
  
C:\Users\User\Desktop\Facultad\Introduccion a la Computacion Grafica\Segunda cursada\Lab 1\Laboratorio1\Laboratorio1Grafica\Dependencias\hud.h(261,18): warning C4244: 'argumento': conversión de 'int' a 'GLfloat'; posible pérdida de datos
  (compilando archivo de origen "main.cpp")
  
C:\Users\User\Desktop\Facultad\Introduccion a la Computacion Grafica\Segunda cursada\Lab 1\Laboratorio1\Laboratorio1Grafica\Dependencias\hud.h(263,31): warning C4244: 'argumento': conversión de 'int' a 'GLfloat'; posible pérdida de datos
  (compilando archivo de origen "main.cpp")
  
C:\Users\User\Desktop\Facultad\Introduccion a la Computacion Grafica\Segunda cursada\Lab 1\Laboratorio1\Laboratorio1Grafica\Dependencias\hud.h(263,18): warning C4244: 'argumento': conversión de 'int' a 'GLfloat'; posible pérdida de datos
  (compilando archivo de origen "main.cpp")
  
C:\Users\User\Desktop\Facultad\Introduccion a la Computacion Grafica\Segunda cursada\Lab 1\Laboratorio1\Laboratorio1Grafica\Dependencias\hud.h(265,21): warning C4244: 'argumento': conversión de 'int' a 'GLfloat'; posible pérdida de datos
  (compilando archivo de origen "main.cpp")
  
C:\Users\User\Desktop\Facultad\Introduccion a la Computacion Grafica\Segunda cursada\Lab 1\Laboratorio1\Laboratorio1Grafica\Dependencias\hud.h(265,16): warning C4244: 'argumento': conversión de 'int' a 'GLfloat'; posible pérdida de datos
  (compilando archivo de origen "main.cpp")
  
C:\Users\User\Desktop\Facultad\Introduccion a la Computacion Grafica\Segunda cursada\Lab 1\Laboratorio1\Laboratorio1Grafica\Dependencias\hud.h(274,19): warning C4244: 'argumento': conversión de 'int' a 'GLfloat'; posible pérdida de datos
  (compilando archivo de origen "main.cpp")
  
C:\Users\User\Desktop\Facultad\Introduccion a la Computacion Grafica\Segunda cursada\Lab 1\Laboratorio1\Laboratorio1Grafica\Dependencias\hud.h(274,16): warning C4244: 'argumento': conversión de 'int' a 'GLfloat'; posible pérdida de datos
  (compilando archivo de origen "main.cpp")
  
C:\Users\User\Desktop\Facultad\Introduccion a la Computacion Grafica\Segunda cursada\Lab 1\Laboratorio1\Laboratorio1Grafica\Dependencias\hud.h(276,28): warning C4244: 'argumento': conversión de 'int' a 'GLfloat'; posible pérdida de datos
  (compilando archivo de origen "main.cpp")
  
C:\Users\User\Desktop\Facultad\Introduccion a la Computacion Grafica\Segunda cursada\Lab 1\Laboratorio1\Laboratorio1Grafica\Dependencias\hud.h(276,18): warning C4244: 'argumento': conversión de 'int' a 'GLfloat'; posible pérdida de datos
  (compilando archivo de origen "main.cpp")
  
C:\Users\User\Desktop\Facultad\Introduccion a la Computacion Grafica\Segunda cursada\Lab 1\Laboratorio1\Laboratorio1Grafica\Dependencias\hud.h(278,30): warning C4244: 'argumento': conversión de 'int' a 'GLfloat'; posible pérdida de datos
  (compilando archivo de origen "main.cpp")
  
C:\Users\User\Desktop\Facultad\Introduccion a la Computacion Grafica\Segunda cursada\Lab 1\Laboratorio1\Laboratorio1Grafica\Dependencias\hud.h(278,18): warning C4244: 'argumento': conversión de 'int' a 'GLfloat'; posible pérdida de datos
  (compilando archivo de origen "main.cpp")
  
C:\Users\User\Desktop\Facultad\Introduccion a la Computacion Grafica\Segunda cursada\Lab 1\Laboratorio1\Laboratorio1Grafica\Dependencias\hud.h(280,21): warning C4244: 'argumento': conversión de 'int' a 'GLfloat'; posible pérdida de datos
  (compilando archivo de origen "main.cpp")
  
C:\Users\User\Desktop\Facultad\Introduccion a la Computacion Grafica\Segunda cursada\Lab 1\Laboratorio1\Laboratorio1Grafica\Dependencias\hud.h(280,16): warning C4244: 'argumento': conversión de 'int' a 'GLfloat'; posible pérdida de datos
  (compilando archivo de origen "main.cpp")
  
C:\Users\User\Desktop\Facultad\Introduccion a la Computacion Grafica\Segunda cursada\Lab 1\Laboratorio1\Laboratorio1Grafica\Dependencias\hud.h(289,19): warning C4244: 'argumento': conversión de 'int' a 'GLfloat'; posible pérdida de datos
  (compilando archivo de origen "main.cpp")
  
C:\Users\User\Desktop\Facultad\Introduccion a la Computacion Grafica\Segunda cursada\Lab 1\Laboratorio1\Laboratorio1Grafica\Dependencias\hud.h(289,16): warning C4244: 'argumento': conversión de 'int' a 'GLfloat'; posible pérdida de datos
  (compilando archivo de origen "main.cpp")
  
C:\Users\User\Desktop\Facultad\Introduccion a la Computacion Grafica\Segunda cursada\Lab 1\Laboratorio1\Laboratorio1Grafica\Dependencias\hud.h(291,29): warning C4244: 'argumento': conversión de 'int' a 'GLfloat'; posible pérdida de datos
  (compilando archivo de origen "main.cpp")
  
C:\Users\User\Desktop\Facultad\Introduccion a la Computacion Grafica\Segunda cursada\Lab 1\Laboratorio1\Laboratorio1Grafica\Dependencias\hud.h(291,18): warning C4244: 'argumento': conversión de 'int' a 'GLfloat'; posible pérdida de datos
  (compilando archivo de origen "main.cpp")
  
C:\Users\User\Desktop\Facultad\Introduccion a la Computacion Grafica\Segunda cursada\Lab 1\Laboratorio1\Laboratorio1Grafica\Dependencias\hud.h(293,31): warning C4244: 'argumento': conversión de 'int' a 'GLfloat'; posible pérdida de datos
  (compilando archivo de origen "main.cpp")
  
C:\Users\User\Desktop\Facultad\Introduccion a la Computacion Grafica\Segunda cursada\Lab 1\Laboratorio1\Laboratorio1Grafica\Dependencias\hud.h(293,18): warning C4244: 'argumento': conversión de 'int' a 'GLfloat'; posible pérdida de datos
  (compilando archivo de origen "main.cpp")
  
C:\Users\User\Desktop\Facultad\Introduccion a la Computacion Grafica\Segunda cursada\Lab 1\Laboratorio1\Laboratorio1Grafica\Dependencias\hud.h(295,21): warning C4244: 'argumento': conversión de 'int' a 'GLfloat'; posible pérdida de datos
  (compilando archivo de origen "main.cpp")
  
C:\Users\User\Desktop\Facultad\Introduccion a la Computacion Grafica\Segunda cursada\Lab 1\Laboratorio1\Laboratorio1Grafica\Dependencias\hud.h(295,16): warning C4244: 'argumento': conversión de 'int' a 'GLfloat'; posible pérdida de datos
  (compilando archivo de origen "main.cpp")
  
C:\Users\User\Desktop\Facultad\Introduccion a la Computacion Grafica\Segunda cursada\Lab 1\Laboratorio1\Laboratorio1Grafica\Dependencias\hud.h(306,19): warning C4244: 'argumento': conversión de 'int' a 'GLfloat'; posible pérdida de datos
  (compilando archivo de origen "main.cpp")
  
C:\Users\User\Desktop\Facultad\Introduccion a la Computacion Grafica\Segunda cursada\Lab 1\Laboratorio1\Laboratorio1Grafica\Dependencias\hud.h(306,16): warning C4244: 'argumento': conversión de 'int' a 'GLfloat'; posible pérdida de datos
  (compilando archivo de origen "main.cpp")
  
C:\Users\User\Desktop\Facultad\Introduccion a la Computacion Grafica\Segunda cursada\Lab 1\Laboratorio1\Laboratorio1Grafica\Dependencias\hud.h(308,41): warning C4244: 'argumento': conversión de 'int' a 'GLfloat'; posible pérdida de datos
  (compilando archivo de origen "main.cpp")
  
C:\Users\User\Desktop\Facultad\Introduccion a la Computacion Grafica\Segunda cursada\Lab 1\Laboratorio1\Laboratorio1Grafica\Dependencias\hud.h(308,18): warning C4244: 'argumento': conversión de 'int' a 'GLfloat'; posible pérdida de datos
  (compilando archivo de origen "main.cpp")
  
C:\Users\User\Desktop\Facultad\Introduccion a la Computacion Grafica\Segunda cursada\Lab 1\Laboratorio1\Laboratorio1Grafica\Dependencias\hud.h(310,43): warning C4244: 'argumento': conversión de 'int' a 'GLfloat'; posible pérdida de datos
  (compilando archivo de origen "main.cpp")
  
C:\Users\User\Desktop\Facultad\Introduccion a la Computacion Grafica\Segunda cursada\Lab 1\Laboratorio1\Laboratorio1Grafica\Dependencias\hud.h(310,18): warning C4244: 'argumento': conversión de 'int' a 'GLfloat'; posible pérdida de datos
  (compilando archivo de origen "main.cpp")
  
C:\Users\User\Desktop\Facultad\Introduccion a la Computacion Grafica\Segunda cursada\Lab 1\Laboratorio1\Laboratorio1Grafica\Dependencias\hud.h(312,21): warning C4244: 'argumento': conversión de 'int' a 'GLfloat'; posible pérdida de datos
  (compilando archivo de origen "main.cpp")
  
C:\Users\User\Desktop\Facultad\Introduccion a la Computacion Grafica\Segunda cursada\Lab 1\Laboratorio1\Laboratorio1Grafica\Dependencias\hud.h(312,16): warning C4244: 'argumento': conversión de 'int' a 'GLfloat'; posible pérdida de datos
  (compilando archivo de origen "main.cpp")
  
C:\Users\User\Desktop\Facultad\Introduccion a la Computacion Grafica\Segunda cursada\Lab 1\Laboratorio1\Laboratorio1Grafica\Dependencias\hud.h(321,19): warning C4244: 'argumento': conversión de 'int' a 'GLfloat'; posible pérdida de datos
  (compilando archivo de origen "main.cpp")
  
C:\Users\User\Desktop\Facultad\Introduccion a la Computacion Grafica\Segunda cursada\Lab 1\Laboratorio1\Laboratorio1Grafica\Dependencias\hud.h(321,16): warning C4244: 'argumento': conversión de 'int' a 'GLfloat'; posible pérdida de datos
  (compilando archivo de origen "main.cpp")
  
C:\Users\User\Desktop\Facultad\Introduccion a la Computacion Grafica\Segunda cursada\Lab 1\Laboratorio1\Laboratorio1Grafica\Dependencias\hud.h(323,29): warning C4244: 'argumento': conversión de 'int' a 'GLfloat'; posible pérdida de datos
  (compilando archivo de origen "main.cpp")
  
C:\Users\User\Desktop\Facultad\Introduccion a la Computacion Grafica\Segunda cursada\Lab 1\Laboratorio1\Laboratorio1Grafica\Dependencias\hud.h(323,18): warning C4244: 'argumento': conversión de 'int' a 'GLfloat'; posible pérdida de datos
  (compilando archivo de origen "main.cpp")
  
C:\Users\User\Desktop\Facultad\Introduccion a la Computacion Grafica\Segunda cursada\Lab 1\Laboratorio1\Laboratorio1Grafica\Dependencias\hud.h(325,31): warning C4244: 'argumento': conversión de 'int' a 'GLfloat'; posible pérdida de datos
  (compilando archivo de origen "main.cpp")
  
C:\Users\User\Desktop\Facultad\Introduccion a la Computacion Grafica\Segunda cursada\Lab 1\Laboratorio1\Laboratorio1Grafica\Dependencias\hud.h(325,18): warning C4244: 'argumento': conversión de 'int' a 'GLfloat'; posible pérdida de datos
  (compilando archivo de origen "main.cpp")
  
C:\Users\User\Desktop\Facultad\Introduccion a la Computacion Grafica\Segunda cursada\Lab 1\Laboratorio1\Laboratorio1Grafica\Dependencias\hud.h(327,21): warning C4244: 'argumento': conversión de 'int' a 'GLfloat'; posible pérdida de datos
  (compilando archivo de origen "main.cpp")
  
C:\Users\User\Desktop\Facultad\Introduccion a la Computacion Grafica\Segunda cursada\Lab 1\Laboratorio1\Laboratorio1Grafica\Dependencias\hud.h(327,16): warning C4244: 'argumento': conversión de 'int' a 'GLfloat'; posible pérdida de datos
  (compilando archivo de origen "main.cpp")
  
C:\Users\User\Desktop\Facultad\Introduccion a la Computacion Grafica\Segunda cursada\Lab 1\Laboratorio1\Laboratorio1Grafica\Dependencias\hud.h(404,26): warning C4244: '=': conversión de 'int' a 'float'; posible pérdida de datos
  (compilando archivo de origen "main.cpp")
  
C:\Users\User\Desktop\Facultad\Introduccion a la Computacion Grafica\Segunda cursada\Lab 1\Laboratorio1\Laboratorio1Grafica\Dependencias\hud.h(421,26): warning C4244: '=': conversión de 'int' a 'float'; posible pérdida de datos
  (compilando archivo de origen "main.cpp")
  
C:\Users\User\Desktop\Facultad\Introduccion a la Computacion Grafica\Segunda cursada\Lab 1\Laboratorio1\Laboratorio1Grafica\Laboratorio1\main.cpp(177,79): warning C4244: 'argumento': conversión de 'Sint32' a 'float'; posible pérdida de datos
C:\Users\User\Desktop\Facultad\Introduccion a la Computacion Grafica\Segunda cursada\Lab 1\Laboratorio1\Laboratorio1Grafica\Laboratorio1\main.cpp(177,59): warning C4244: 'argumento': conversión de 'Sint32' a 'float'; posible pérdida de datos
  Generando código
  7 of 917 functions ( 0.8%) were compiled, the rest were copied from previous compilation.
    0 functions were new in current compilation
    1 functions had inline decision re-evaluated but remain unchanged
  Generación de código finalizada
  Laboratorio1.vcxproj -> C:\Users\User\Desktop\Facultad\Introduccion a la Computacion Grafica\Segunda cursada\Lab 1\Laboratorio1\Laboratorio1Grafica\x64\Release\Laboratorio1.exe
